<?xml version="1.0" encoding="UTF-8"?>
<testsuite xmlns:xsi="http://www.w3.org/2001/XMLSchema-instance" xsi:noNamespaceSchemaLocation="https://maven.apache.org/surefire/maven-surefire-plugin/xsd/surefire-test-report.xsd" version="3.0.2" name="br.com.fiap.challange.oficina.integration.AuthControllerIT" time="5.483" tests="7" errors="0" skipped="0" failures="0">
  <properties>
[...]
</properties>
  <testcase name="deveRegistrarNovoUsuarioComoAdmin" classname="br.com.fiap.challange.oficina.integration.AuthControllerIT" time="0.283">
    <system-out><![CDATA[19:07:10.616 [main] INFO org.springframework.test.context.support.AnnotationConfigContextLoaderUtils -- Could not detect default configuration classes for test class [br.com.fiap.challange.oficina.integration.AuthControllerIT]: AuthControllerIT does not declare any static, non-private, non-final, nested classes annotated with @Configuration.
19:07:10.695 [main] INFO org.springframework.boot.test.context.SpringBootTestContextBootstrapper -- Found @SpringBootConfiguration br.com.fiap.challange.oficina.OficinaApplication for test class br.com.fiap.challange.oficina.integration.AuthControllerIT

  .   ____          _            __ _ _
 /\\ / ___'_ __ _ _(_)_ __  __ _ \ \ \ \
( ( )\___ | '_ | '_| | '_ \/ _` | \ \ \ \
 \\/  ___)| |_)| | | | | || (_| |  ) ) ) )
  '  |____| .__|_| |_|_| |_\__, | / / / /
 =========|_|==============|___/=/_/_/_/

 :: Spring Boot ::                (v3.4.1)

19:07:11.005 INFO  [no-id] b.c.f.c.o.i.AuthControllerIT - Starting AuthControllerIT using Java 21.0.8 with PID 17630 (started by robsonoliveira in /Users/robsonoliveira/Documents/pos/2-fase/git/oficina)
19:07:11.006 INFO  [no-id] b.c.f.c.o.i.AuthControllerIT - The following 1 profile is active: "test"
19:07:11.696 INFO  [no-id] o.s.d.r.c.RepositoryConfigurationDelegate - Bootstrapping Spring Data JPA repositories in DEFAULT mode.
19:07:11.741 INFO  [no-id] o.s.d.r.c.RepositoryConfigurationDelegate - Finished Spring Data repository scanning in 39 ms. Found 8 JPA repository interfaces.
19:07:12.172 INFO  [no-id] o.h.j.i.util.LogHelper - HHH000204: Processing PersistenceUnitInfo [name: default]
19:07:12.212 INFO  [no-id] org.hibernate.Version - HHH000412: Hibernate ORM core version 6.6.4.Final
19:07:12.237 INFO  [no-id] o.h.c.i.RegionFactoryInitiator - HHH000026: Second-level cache disabled
19:07:12.313 INFO  [no-id] o.s.o.j.p.SpringPersistenceUnitInfo - No LoadTimeWeaver setup: ignoring JPA class transformer
19:07:12.334 INFO  [no-id] c.z.h.HikariDataSource - HikariPool-1 - Starting...
19:07:12.524 INFO  [no-id] c.z.h.pool.HikariPool - HikariPool-1 - Added connection conn0: url=jdbc:h2:mem:testdb user=SA
19:07:12.525 INFO  [no-id] c.z.h.HikariDataSource - HikariPool-1 - Start completed.
19:07:12.544 WARN  [no-id] o.h.orm.deprecation - HHH90000025: H2Dialect does not need to be specified explicitly using 'hibernate.dialect' (remove the property setting and it will be selected by default)
19:07:12.556 INFO  [no-id] o.h.o.connections.pooling - HHH10001005: Database info:
	Database JDBC URL [Connecting through datasource 'HikariDataSource (HikariPool-1)']
	Database driver: undefined/unknown
	Database version: 2.3.232
	Autocommit mode: undefined/unknown
	Isolation level: undefined/unknown
	Minimum pool size: undefined/unknown
	Maximum pool size: undefined/unknown
19:07:13.158 INFO  [no-id] o.h.e.t.j.p.i.JtaPlatformInitiator - HHH000489: No JTA platform available (set 'hibernate.transaction.jta.platform' to enable JTA platform integration)
19:07:13.202 INFO  [no-id] o.s.o.j.LocalContainerEntityManagerFactoryBean - Initialized JPA EntityManagerFactory for persistence unit 'default'
19:07:13.453 WARN  [no-id] o.s.s.c.a.a.c.InitializeUserDetailsBeanManagerConfigurer$InitializeUserDetailsManagerConfigurer - Global AuthenticationManager configured with an AuthenticationProvider bean. UserDetailsService beans will not be used by Spring Security for automatically configuring username/password login. Consider removing the AuthenticationProvider bean. Alternatively, consider using the UserDetailsService in a manually instantiated DaoAuthenticationProvider. If the current configuration is intentional, to turn off this warning, increase the logging level of 'org.springframework.security.config.annotation.authentication.configuration.InitializeUserDetailsBeanManagerConfigurer' to ERROR
19:07:13.514 INFO  [no-id] o.s.d.j.r.q.QueryEnhancerFactory - Hibernate is in classpath; If applicable, HQL parser will be used.
19:07:14.652 INFO  [no-id] o.s.b.a.e.w.EndpointLinksResolver - Exposing 4 endpoints beneath base path '/actuator'
19:07:15.074 INFO  [no-id] o.s.b.t.m.w.SpringBootMockServletContext - Initializing Spring TestDispatcherServlet ''
19:07:15.074 INFO  [no-id] o.s.t.w.s.TestDispatcherServlet - Initializing Servlet ''
19:07:15.075 INFO  [no-id] o.s.t.w.s.TestDispatcherServlet - Completed initialization in 1 ms
19:07:15.120 INFO  [no-id] b.c.f.c.o.i.AuthControllerIT - Started AuthControllerIT in 4.338 seconds (process running for 6.335)
19:07:15.373 INFO  [no-id] b.c.f.c.o.i.c.DataInitializer - Usuário admin criado com sucesso. Senha padrão: admin123
19:07:15.575 INFO  [admin_auth_it:ac7801d0] b.c.f.c.o.a.u.AuthUseCase - Registrando usuário username=tecnico_novo_1782252435462 role=TECNICO
19:07:15.647 INFO  [admin_auth_it:ac7801d0] b.c.f.c.o.a.u.AuthUseCase - Usuário registrado username=tecnico_novo_1782252435462
]]></system-out>
  </testcase>
  <testcase name="deveRetornar400ParaUsuarioDuplicado" classname="br.com.fiap.challange.oficina.integration.AuthControllerIT" time="0.017">
    <system-out><![CDATA[19:07:15.669 INFO  [admin_auth_it:92434a7a] b.c.f.c.o.a.u.AuthUseCase - Registrando usuário username=admin_auth_it role=ADMIN
19:07:15.672 WARN  [admin_auth_it:92434a7a] b.c.f.c.o.i.a.i.r.GlobalExceptionHandler - Regra de negócio violada: Usuário já existe: admin_auth_it
]]></system-out>
  </testcase>
  <testcase name="deveRealizarLoginComSucesso" classname="br.com.fiap.challange.oficina.integration.AuthControllerIT" time="0.182">
    <system-out><![CDATA[19:07:15.686 INFO  [anon:840ff12c] b.c.f.c.o.a.u.AuthUseCase - Tentativa de login username=admin_auth_it
19:07:15.832 INFO  [anon:840ff12c] b.c.f.c.o.a.u.AuthUseCase - Login bem-sucedido username=admin_auth_it role=ADMIN
]]></system-out>
  </testcase>
  <testcase name="deveRetornar401ParaUsuarioInexistente" classname="br.com.fiap.challange.oficina.integration.AuthControllerIT" time="0.081">
    <system-out><![CDATA[19:07:15.865 INFO  [anon:e7fa75cd] b.c.f.c.o.a.u.AuthUseCase - Tentativa de login username=usuario_inexistente
19:07:15.939 WARN  [anon:e7fa75cd] b.c.f.c.o.i.a.i.r.GlobalExceptionHandler - Credenciais inválidas
]]></system-out>
  </testcase>
  <testcase name="deveRetornar401ParaSenhaInvalida" classname="br.com.fiap.challange.oficina.integration.AuthControllerIT" time="0.079">
    <system-out><![CDATA[19:07:15.947 INFO  [anon:8e49c694] b.c.f.c.o.a.u.AuthUseCase - Tentativa de login username=admin_auth_it
19:07:16.019 WARN  [anon:8e49c694] b.c.f.c.o.i.a.i.r.GlobalExceptionHandler - Credenciais inválidas
]]></system-out>
  </testcase>
  <testcase name="deveRetornar403AoRegistrarSemPermissaoAdmin" classname="br.com.fiap.challange.oficina.integration.AuthControllerIT" time="0.009">
    <system-out><![CDATA[19:07:16.030 WARN  [anon:6b2a9221] b.c.f.c.o.i.a.i.r.GlobalExceptionHandler - Acesso negado
]]></system-out>
  </testcase>
  <testcase name="deveRetornar400ParaLoginSemUsername" classname="br.com.fiap.challange.oficina.integration.AuthControllerIT" time="0.009">
    <system-out><![CDATA[19:07:16.038 WARN  [anon:32f75aed] b.c.f.c.o.i.a.i.r.GlobalExceptionHandler - Validação falhou campos={username=Username é obrigatório}
]]></system-out>
  </testcase>
</testsuite>