<?xml version="1.0" encoding="UTF-8"?>
<testsuite xmlns:xsi="http://www.w3.org/2001/XMLSchema-instance" xsi:noNamespaceSchemaLocation="https://maven.apache.org/surefire/maven-surefire-plugin/xsd/surefire-test-report.xsd" version="3.0.2" name="br.com.fiap.challange.oficina.integration.OrdemServicoControllerIT" time="0.547" tests="10" errors="0" skipped="0" failures="0">
  <properties>
[...]
</properties>
  <testcase name="deveExecutarFluxoCompletoDeStatus" classname="br.com.fiap.challange.oficina.integration.OrdemServicoControllerIT" time="0.208">
    <system-out><![CDATA[16:34:05.348 INFO  [no-id] o.s.t.c.s.AnnotationConfigContextLoaderUtils - Could not detect default configuration classes for test class [br.com.fiap.challange.oficina.integration.OrdemServicoControllerIT]: OrdemServicoControllerIT does not declare any static, non-private, non-final, nested classes annotated with @Configuration.
16:34:05.349 INFO  [no-id] o.s.b.t.c.SpringBootTestContextBootstrapper - Found @SpringBootConfiguration br.com.fiap.challange.oficina.OficinaApplication for test class br.com.fiap.challange.oficina.integration.OrdemServicoControllerIT
16:34:05.440 INFO  [tecnico_it:281c41f0] b.c.f.c.o.a.u.ClienteUseCase - Criando cliente nome=Ana Costa documento=529.982.247-25
16:34:05.443 INFO  [tecnico_it:281c41f0] b.c.f.c.o.a.u.ClienteUseCase - Cliente criado id=1
16:34:05.483 INFO  [tecnico_it:bb2b87e1] b.c.f.c.o.a.u.OrdemServicoUseCase - Criando OS cliente=52998224725 placa=ABC1234
16:34:05.493 INFO  [tecnico_it:bb2b87e1] b.c.f.c.o.a.u.OrdemServicoUseCase - OS criada numero=OS-2026-37912D46 id=1 valorTotal=0
16:34:05.511 INFO  [tecnico_it:ffd25f59] b.c.f.c.o.a.u.OrdemServicoUseCase - Iniciando diagnóstico OS id=1
16:34:05.528 INFO  [tecnico_it:ae750858] b.c.f.c.o.a.u.OrdemServicoUseCase - Gerando orçamento OS id=1
16:34:05.529 INFO  [tecnico_it:ae750858] b.c.f.c.o.a.u.OrdemServicoUseCase - Orçamento gerado OS id=1 valorTotal=0
16:34:05.534 INFO  [tecnico_it:40631922] b.c.f.c.o.a.u.OrdemServicoUseCase - Aprovando orçamento OS id=1
16:34:05.540 INFO  [tecnico_it:5025d11c] b.c.f.c.o.a.u.OrdemServicoUseCase - Finalizando OS id=1
16:34:05.546 INFO  [tecnico_it:5b148eb6] b.c.f.c.o.a.u.OrdemServicoUseCase - Registrando entrega OS id=1
]]></system-out>
  </testcase>
  <testcase name="deveAdicionarPecaAOrdem" classname="br.com.fiap.challange.oficina.integration.OrdemServicoControllerIT" time="0.063">
    <system-out><![CDATA[16:34:05.567 INFO  [tecnico_it:9246e5dd] b.c.f.c.o.a.u.ClienteUseCase - Criando cliente nome=Ana Costa documento=529.982.247-25
16:34:05.568 INFO  [tecnico_it:9246e5dd] b.c.f.c.o.a.u.ClienteUseCase - Cliente criado id=2
16:34:05.576 INFO  [tecnico_it:d1b6d129] b.c.f.c.o.a.u.OrdemServicoUseCase - Criando OS cliente=52998224725 placa=ABC1234
16:34:05.579 INFO  [tecnico_it:d1b6d129] b.c.f.c.o.a.u.OrdemServicoUseCase - OS criada numero=OS-2026-50F3D2BD id=2 valorTotal=0
16:34:05.589 INFO  [tecnico_it:7ce3462d] b.c.f.c.o.a.u.PecaUseCase - Criando peça nome=Filtro
16:34:05.590 INFO  [tecnico_it:7ce3462d] b.c.f.c.o.a.u.PecaUseCase - Peça criada id=1
16:34:05.595 INFO  [tecnico_it:c214e71f] b.c.f.c.o.a.u.OrdemServicoUseCase - Iniciando diagnóstico OS id=2
16:34:05.604 INFO  [tecnico_it:d7cc1a64] b.c.f.c.o.a.u.OrdemServicoUseCase - Adicionando peça OS id=2 pecaId=1
]]></system-out>
  </testcase>
  <testcase name="deveListarTodasOrdensDeServico" classname="br.com.fiap.challange.oficina.integration.OrdemServicoControllerIT" time="0.037">
    <system-out><![CDATA[16:34:05.631 INFO  [tecnico_it:bb1cd9ce] b.c.f.c.o.a.u.ClienteUseCase - Criando cliente nome=Ana Costa documento=529.982.247-25
16:34:05.633 INFO  [tecnico_it:bb1cd9ce] b.c.f.c.o.a.u.ClienteUseCase - Cliente criado id=3
16:34:05.642 INFO  [tecnico_it:14466c81] b.c.f.c.o.a.u.OrdemServicoUseCase - Criando OS cliente=52998224725 placa=ABC1234
16:34:05.644 INFO  [tecnico_it:14466c81] b.c.f.c.o.a.u.OrdemServicoUseCase - OS criada numero=OS-2026-9033DBC1 id=3 valorTotal=0
16:34:05.649 INFO  [tecnico_it:0308142b] b.c.f.c.o.a.u.OrdemServicoUseCase - Listando OSs
]]></system-out>
  </testcase>
  <testcase name="deveAdicionarServicoAOrdem" classname="br.com.fiap.challange.oficina.integration.OrdemServicoControllerIT" time="0.048">
    <system-out><![CDATA[16:34:05.668 INFO  [tecnico_it:e1a5a702] b.c.f.c.o.a.u.ClienteUseCase - Criando cliente nome=Ana Costa documento=529.982.247-25
16:34:05.669 INFO  [tecnico_it:e1a5a702] b.c.f.c.o.a.u.ClienteUseCase - Cliente criado id=4
16:34:05.677 INFO  [tecnico_it:84fc83b5] b.c.f.c.o.a.u.OrdemServicoUseCase - Criando OS cliente=52998224725 placa=ABC1234
16:34:05.679 INFO  [tecnico_it:84fc83b5] b.c.f.c.o.a.u.OrdemServicoUseCase - OS criada numero=OS-2026-4E4CF522 id=4 valorTotal=0
16:34:05.686 INFO  [tecnico_it:04678063] b.c.f.c.o.a.u.ServicoUseCase - Criando serviço nome=Troca de óleo
16:34:05.687 INFO  [tecnico_it:04678063] b.c.f.c.o.a.u.ServicoUseCase - Serviço criado id=1
16:34:05.692 INFO  [tecnico_it:932b2962] b.c.f.c.o.a.u.OrdemServicoUseCase - Iniciando diagnóstico OS id=4
16:34:05.699 INFO  [tecnico_it:e0e636ef] b.c.f.c.o.a.u.OrdemServicoUseCase - Adicionando serviço OS id=4 servicoId=1
]]></system-out>
  </testcase>
  <testcase name="deveCriarOrdemServicoComStatusRecebida" classname="br.com.fiap.challange.oficina.integration.OrdemServicoControllerIT" time="0.028">
    <system-out><![CDATA[16:34:05.717 INFO  [tecnico_it:f2b94d47] b.c.f.c.o.a.u.ClienteUseCase - Criando cliente nome=Ana Costa documento=529.982.247-25
16:34:05.718 INFO  [tecnico_it:f2b94d47] b.c.f.c.o.a.u.ClienteUseCase - Cliente criado id=5
16:34:05.725 INFO  [tecnico_it:8b5fc881] b.c.f.c.o.a.u.OrdemServicoUseCase - Criando OS cliente=52998224725 placa=ABC1234
16:34:05.727 INFO  [tecnico_it:8b5fc881] b.c.f.c.o.a.u.OrdemServicoUseCase - OS criada numero=OS-2026-2FE20528 id=5 valorTotal=0
16:34:05.730 INFO  [tecnico_it:88895136] b.c.f.c.o.a.u.OrdemServicoUseCase - Buscando OS id=5
]]></system-out>
  </testcase>
  <testcase name="devePermitirRejeitarOrcamentoEVoltarParaDiagnostico" classname="br.com.fiap.challange.oficina.integration.OrdemServicoControllerIT" time="0.041">
    <system-out><![CDATA[16:34:05.751 INFO  [tecnico_it:5bb69f0e] b.c.f.c.o.a.u.ClienteUseCase - Criando cliente nome=Ana Costa documento=529.982.247-25
16:34:05.752 INFO  [tecnico_it:5bb69f0e] b.c.f.c.o.a.u.ClienteUseCase - Cliente criado id=6
16:34:05.759 INFO  [tecnico_it:e025423d] b.c.f.c.o.a.u.OrdemServicoUseCase - Criando OS cliente=52998224725 placa=ABC1234
16:34:05.761 INFO  [tecnico_it:e025423d] b.c.f.c.o.a.u.OrdemServicoUseCase - OS criada numero=OS-2026-ACAE9112 id=6 valorTotal=0
16:34:05.764 INFO  [tecnico_it:1ed3af6c] b.c.f.c.o.a.u.OrdemServicoUseCase - Iniciando diagnóstico OS id=6
16:34:05.769 INFO  [tecnico_it:1869f5d6] b.c.f.c.o.a.u.OrdemServicoUseCase - Gerando orçamento OS id=6
16:34:05.770 INFO  [tecnico_it:1869f5d6] b.c.f.c.o.a.u.OrdemServicoUseCase - Orçamento gerado OS id=6 valorTotal=0
16:34:05.774 INFO  [tecnico_it:102ef6a1] b.c.f.c.o.a.u.OrdemServicoUseCase - Rejeitando orçamento OS id=6
]]></system-out>
  </testcase>
  <testcase name="deveRetornar422ParaTransicaoInvalida" classname="br.com.fiap.challange.oficina.integration.OrdemServicoControllerIT" time="0.025">
    <system-out><![CDATA[16:34:05.787 INFO  [tecnico_it:f69df5a7] b.c.f.c.o.a.u.ClienteUseCase - Criando cliente nome=Ana Costa documento=529.982.247-25
16:34:05.788 INFO  [tecnico_it:f69df5a7] b.c.f.c.o.a.u.ClienteUseCase - Cliente criado id=7
16:34:05.795 INFO  [tecnico_it:368edd16] b.c.f.c.o.a.u.OrdemServicoUseCase - Criando OS cliente=52998224725 placa=ABC1234
16:34:05.797 INFO  [tecnico_it:368edd16] b.c.f.c.o.a.u.OrdemServicoUseCase - OS criada numero=OS-2026-61DB7266 id=7 valorTotal=0
16:34:05.800 INFO  [tecnico_it:675a7253] b.c.f.c.o.a.u.OrdemServicoUseCase - Finalizando OS id=7
16:34:05.800 WARN  [tecnico_it:675a7253] b.c.f.c.o.i.a.i.r.GlobalExceptionHandler - Transição de status inválida: Transição inválida: Recebida → Finalizada
]]></system-out>
  </testcase>
  <testcase name="deveConsultarStatusPublicamente" classname="br.com.fiap.challange.oficina.integration.OrdemServicoControllerIT" time="0.026">
    <system-out><![CDATA[16:34:05.813 INFO  [tecnico_it:e30cb149] b.c.f.c.o.a.u.ClienteUseCase - Criando cliente nome=Ana Costa documento=529.982.247-25
16:34:05.814 INFO  [tecnico_it:e30cb149] b.c.f.c.o.a.u.ClienteUseCase - Cliente criado id=8
16:34:05.821 INFO  [tecnico_it:35ceab26] b.c.f.c.o.a.u.OrdemServicoUseCase - Criando OS cliente=52998224725 placa=ABC1234
16:34:05.823 INFO  [tecnico_it:35ceab26] b.c.f.c.o.a.u.OrdemServicoUseCase - OS criada numero=OS-2026-D5218440 id=8 valorTotal=0
16:34:05.825 INFO  [anon:329b49fb] b.c.f.c.o.a.u.OrdemServicoUseCase - Consultando status OS id=8
]]></system-out>
  </testcase>
  <testcase name="deveListarOrdensPorStatus" classname="br.com.fiap.challange.oficina.integration.OrdemServicoControllerIT" time="0.028">
    <system-out><![CDATA[16:34:05.839 INFO  [tecnico_it:3039c412] b.c.f.c.o.a.u.ClienteUseCase - Criando cliente nome=Ana Costa documento=529.982.247-25
16:34:05.840 INFO  [tecnico_it:3039c412] b.c.f.c.o.a.u.ClienteUseCase - Cliente criado id=9
16:34:05.847 INFO  [tecnico_it:e9363baa] b.c.f.c.o.a.u.OrdemServicoUseCase - Criando OS cliente=52998224725 placa=ABC1234
16:34:05.849 INFO  [tecnico_it:e9363baa] b.c.f.c.o.a.u.OrdemServicoUseCase - OS criada numero=OS-2026-084C13BA id=9 valorTotal=0
16:34:05.853 INFO  [tecnico_it:537431b6] b.c.f.c.o.a.u.OrdemServicoUseCase - Listando OSs status=RECEBIDA
]]></system-out>
  </testcase>
  <testcase name="deveRetornarEstatisticas" classname="br.com.fiap.challange.oficina.integration.OrdemServicoControllerIT" time="0.03">
    <system-out><![CDATA[16:34:05.868 INFO  [tecnico_it:d1a60782] b.c.f.c.o.a.u.ClienteUseCase - Criando cliente nome=Ana Costa documento=529.982.247-25
16:34:05.870 INFO  [tecnico_it:d1a60782] b.c.f.c.o.a.u.ClienteUseCase - Cliente criado id=10
16:34:05.876 INFO  [tecnico_it:56d29b0b] b.c.f.c.o.a.u.OrdemServicoUseCase - Criando OS cliente=52998224725 placa=ABC1234
16:34:05.878 INFO  [tecnico_it:56d29b0b] b.c.f.c.o.a.u.OrdemServicoUseCase - OS criada numero=OS-2026-D7C47115 id=10 valorTotal=0
16:34:05.881 INFO  [tecnico_it:e8a9448d] b.c.f.c.o.a.u.OrdemServicoUseCase - Calculando estatísticas de OSs
]]></system-out>
  </testcase>
</testsuite>