<?xml version="1.0" encoding="UTF-8"?>
<testsuite xmlns:xsi="http://www.w3.org/2001/XMLSchema-instance" xsi:noNamespaceSchemaLocation="https://maven.apache.org/surefire/maven-surefire-plugin/xsd/surefire-test-report.xsd" version="3.0.2" name="br.com.fiap.challange.oficina.integration.OrdemServicoControllerIT" time="0.572" tests="10" errors="0" skipped="0" failures="0">
  <properties>
[...]
</properties>
  <testcase name="deveExecutarFluxoCompletoDeStatus" classname="br.com.fiap.challange.oficina.integration.OrdemServicoControllerIT" time="0.214">
    <system-out><![CDATA[18:31:20.710 INFO  [no-id] o.s.t.c.s.AnnotationConfigContextLoaderUtils - Could not detect default configuration classes for test class [br.com.fiap.challange.oficina.integration.OrdemServicoControllerIT]: OrdemServicoControllerIT does not declare any static, non-private, non-final, nested classes annotated with @Configuration.
18:31:20.712 INFO  [no-id] o.s.b.t.c.SpringBootTestContextBootstrapper - Found @SpringBootConfiguration br.com.fiap.challange.oficina.OficinaApplication for test class br.com.fiap.challange.oficina.integration.OrdemServicoControllerIT
18:31:20.806 INFO  [tecnico_it:7308f7fa] b.c.f.c.o.s.ClienteService - Criando cliente nome=Ana Costa documento=529.982.247-25
18:31:20.810 INFO  [tecnico_it:7308f7fa] b.c.f.c.o.s.ClienteService - Cliente criado id=1
18:31:20.828 INFO  [tecnico_it:e88317de] b.c.f.c.o.s.VeiculoService - Criando veículo placa=ABC1234 clienteId=1
18:31:20.835 INFO  [tecnico_it:e88317de] b.c.f.c.o.s.VeiculoService - Veículo criado id=1 placa=ABC1234
18:31:20.850 INFO  [tecnico_it:f0edb5be] b.c.f.c.o.s.OrdemServicoService - Criando OS cliente=52998224725 placa=ABC1234
18:31:20.860 INFO  [tecnico_it:f0edb5be] b.c.f.c.o.s.OrdemServicoService - OS criada numero=OS-2026-039236B7 id=1 valorTotal=0
18:31:20.878 INFO  [tecnico_it:e88776c8] b.c.f.c.o.s.OrdemServicoService - Iniciando diagnóstico OS id=1
18:31:20.895 INFO  [tecnico_it:5f5c95ac] b.c.f.c.o.s.OrdemServicoService - Gerando orçamento OS id=1
18:31:20.897 INFO  [tecnico_it:5f5c95ac] b.c.f.c.o.s.OrdemServicoService - Orçamento gerado OS id=1 valorTotal=0
18:31:20.901 INFO  [tecnico_it:2edce106] b.c.f.c.o.s.OrdemServicoService - Aprovando orçamento OS id=1
18:31:20.907 INFO  [tecnico_it:865e936c] b.c.f.c.o.s.OrdemServicoService - Finalizando OS id=1
18:31:20.913 INFO  [tecnico_it:18158cfc] b.c.f.c.o.s.OrdemServicoService - Registrando entrega OS id=1
]]></system-out>
  </testcase>
  <testcase name="deveAdicionarPecaAOrdem" classname="br.com.fiap.challange.oficina.integration.OrdemServicoControllerIT" time="0.066">
    <system-out><![CDATA[18:31:20.937 INFO  [tecnico_it:a9b284d9] b.c.f.c.o.s.ClienteService - Criando cliente nome=Ana Costa documento=529.982.247-25
18:31:20.938 INFO  [tecnico_it:a9b284d9] b.c.f.c.o.s.ClienteService - Cliente criado id=2
18:31:20.941 INFO  [tecnico_it:3060cf96] b.c.f.c.o.s.VeiculoService - Criando veículo placa=ABC1234 clienteId=2
18:31:20.943 INFO  [tecnico_it:3060cf96] b.c.f.c.o.s.VeiculoService - Veículo criado id=2 placa=ABC1234
18:31:20.947 INFO  [tecnico_it:10bbe19e] b.c.f.c.o.s.OrdemServicoService - Criando OS cliente=52998224725 placa=ABC1234
18:31:20.949 INFO  [tecnico_it:10bbe19e] b.c.f.c.o.s.OrdemServicoService - OS criada numero=OS-2026-A7885BF4 id=2 valorTotal=0
18:31:20.960 INFO  [tecnico_it:a5bc2c83] b.c.f.c.o.s.PecaService - Criando peça nome=Filtro
18:31:20.961 INFO  [tecnico_it:a5bc2c83] b.c.f.c.o.s.PecaService - Peça criada id=1
18:31:20.966 INFO  [tecnico_it:dec04ff7] b.c.f.c.o.s.OrdemServicoService - Iniciando diagnóstico OS id=2
18:31:20.975 INFO  [tecnico_it:8d5eeabb] b.c.f.c.o.s.OrdemServicoService - Adicionando peça OS id=2 pecaId=1
]]></system-out>
  </testcase>
  <testcase name="deveListarTodasOrdensDeServico" classname="br.com.fiap.challange.oficina.integration.OrdemServicoControllerIT" time="0.038">
    <system-out><![CDATA[18:31:21.002 INFO  [tecnico_it:67a960e5] b.c.f.c.o.s.ClienteService - Criando cliente nome=Ana Costa documento=529.982.247-25
18:31:21.004 INFO  [tecnico_it:67a960e5] b.c.f.c.o.s.ClienteService - Cliente criado id=3
18:31:21.007 INFO  [tecnico_it:0f4c8828] b.c.f.c.o.s.VeiculoService - Criando veículo placa=ABC1234 clienteId=3
18:31:21.008 INFO  [tecnico_it:0f4c8828] b.c.f.c.o.s.VeiculoService - Veículo criado id=3 placa=ABC1234
18:31:21.012 INFO  [tecnico_it:cf41f123] b.c.f.c.o.s.OrdemServicoService - Criando OS cliente=52998224725 placa=ABC1234
18:31:21.014 INFO  [tecnico_it:cf41f123] b.c.f.c.o.s.OrdemServicoService - OS criada numero=OS-2026-BD950AFC id=3 valorTotal=0
18:31:21.019 INFO  [tecnico_it:105ac014] b.c.f.c.o.s.OrdemServicoService - Listando OSs
]]></system-out>
  </testcase>
  <testcase name="deveAdicionarServicoAOrdem" classname="br.com.fiap.challange.oficina.integration.OrdemServicoControllerIT" time="0.057">
    <system-out><![CDATA[18:31:21.041 INFO  [tecnico_it:c26dba7f] b.c.f.c.o.s.ClienteService - Criando cliente nome=Ana Costa documento=529.982.247-25
18:31:21.042 INFO  [tecnico_it:c26dba7f] b.c.f.c.o.s.ClienteService - Cliente criado id=4
18:31:21.050 INFO  [tecnico_it:68846afa] b.c.f.c.o.s.VeiculoService - Criando veículo placa=ABC1234 clienteId=4
18:31:21.052 INFO  [tecnico_it:68846afa] b.c.f.c.o.s.VeiculoService - Veículo criado id=4 placa=ABC1234
18:31:21.055 INFO  [tecnico_it:39a5b166] b.c.f.c.o.s.OrdemServicoService - Criando OS cliente=52998224725 placa=ABC1234
18:31:21.058 INFO  [tecnico_it:39a5b166] b.c.f.c.o.s.OrdemServicoService - OS criada numero=OS-2026-D52F5AF2 id=4 valorTotal=0
18:31:21.065 INFO  [tecnico_it:96a11359] b.c.f.c.o.s.ServicoService - Criando serviço nome=Troca de óleo
18:31:21.066 INFO  [tecnico_it:96a11359] b.c.f.c.o.s.ServicoService - Serviço criado id=1
18:31:21.071 INFO  [tecnico_it:0808d277] b.c.f.c.o.s.OrdemServicoService - Iniciando diagnóstico OS id=4
18:31:21.079 INFO  [tecnico_it:3bdb71e6] b.c.f.c.o.s.OrdemServicoService - Adicionando serviço OS id=4 servicoId=1
]]></system-out>
  </testcase>
  <testcase name="deveCriarOrdemServicoComStatusRecebida" classname="br.com.fiap.challange.oficina.integration.OrdemServicoControllerIT" time="0.034">
    <system-out><![CDATA[18:31:21.098 INFO  [tecnico_it:2eb1243e] b.c.f.c.o.s.ClienteService - Criando cliente nome=Ana Costa documento=529.982.247-25
18:31:21.099 INFO  [tecnico_it:2eb1243e] b.c.f.c.o.s.ClienteService - Cliente criado id=5
18:31:21.103 INFO  [tecnico_it:7fe885a3] b.c.f.c.o.s.VeiculoService - Criando veículo placa=ABC1234 clienteId=5
18:31:21.104 INFO  [tecnico_it:7fe885a3] b.c.f.c.o.s.VeiculoService - Veículo criado id=5 placa=ABC1234
18:31:21.107 INFO  [tecnico_it:2e01d3b7] b.c.f.c.o.s.OrdemServicoService - Criando OS cliente=52998224725 placa=ABC1234
18:31:21.110 INFO  [tecnico_it:2e01d3b7] b.c.f.c.o.s.OrdemServicoService - OS criada numero=OS-2026-569676FB id=5 valorTotal=0
18:31:21.114 INFO  [tecnico_it:9f23bf96] b.c.f.c.o.s.OrdemServicoService - Buscando OS id=5
]]></system-out>
  </testcase>
  <testcase name="devePermitirRejeitarOrcamentoEVoltarParaDiagnostico" classname="br.com.fiap.challange.oficina.integration.OrdemServicoControllerIT" time="0.037">
    <system-out><![CDATA[18:31:21.132 INFO  [tecnico_it:585e2e64] b.c.f.c.o.s.ClienteService - Criando cliente nome=Ana Costa documento=529.982.247-25
18:31:21.133 INFO  [tecnico_it:585e2e64] b.c.f.c.o.s.ClienteService - Cliente criado id=6
18:31:21.136 INFO  [tecnico_it:d083f178] b.c.f.c.o.s.VeiculoService - Criando veículo placa=ABC1234 clienteId=6
18:31:21.137 INFO  [tecnico_it:d083f178] b.c.f.c.o.s.VeiculoService - Veículo criado id=6 placa=ABC1234
18:31:21.140 INFO  [tecnico_it:5f5efe15] b.c.f.c.o.s.OrdemServicoService - Criando OS cliente=52998224725 placa=ABC1234
18:31:21.142 INFO  [tecnico_it:5f5efe15] b.c.f.c.o.s.OrdemServicoService - OS criada numero=OS-2026-C27E9C89 id=6 valorTotal=0
18:31:21.145 INFO  [tecnico_it:75fbc443] b.c.f.c.o.s.OrdemServicoService - Iniciando diagnóstico OS id=6
18:31:21.150 INFO  [tecnico_it:4a87b2a0] b.c.f.c.o.s.OrdemServicoService - Gerando orçamento OS id=6
18:31:21.151 INFO  [tecnico_it:4a87b2a0] b.c.f.c.o.s.OrdemServicoService - Orçamento gerado OS id=6 valorTotal=0
18:31:21.154 INFO  [tecnico_it:66986e06] b.c.f.c.o.s.OrdemServicoService - Rejeitando orçamento OS id=6
]]></system-out>
  </testcase>
  <testcase name="deveRetornar422ParaTransicaoInvalida" classname="br.com.fiap.challange.oficina.integration.OrdemServicoControllerIT" time="0.028">
    <system-out><![CDATA[18:31:21.168 INFO  [tecnico_it:fc23b312] b.c.f.c.o.s.ClienteService - Criando cliente nome=Ana Costa documento=529.982.247-25
18:31:21.169 INFO  [tecnico_it:fc23b312] b.c.f.c.o.s.ClienteService - Cliente criado id=7
18:31:21.173 INFO  [tecnico_it:afd43c60] b.c.f.c.o.s.VeiculoService - Criando veículo placa=ABC1234 clienteId=7
18:31:21.174 INFO  [tecnico_it:afd43c60] b.c.f.c.o.s.VeiculoService - Veículo criado id=7 placa=ABC1234
18:31:21.177 INFO  [tecnico_it:0c6ee679] b.c.f.c.o.s.OrdemServicoService - Criando OS cliente=52998224725 placa=ABC1234
18:31:21.179 INFO  [tecnico_it:0c6ee679] b.c.f.c.o.s.OrdemServicoService - OS criada numero=OS-2026-65467A9D id=7 valorTotal=0
18:31:21.183 INFO  [tecnico_it:a3b55fb5] b.c.f.c.o.s.OrdemServicoService - Finalizando OS id=7
18:31:21.184 WARN  [tecnico_it:a3b55fb5] b.c.f.c.o.c.GlobalExceptionHandler - Transição de status inválida: Transição inválida: Recebida → Finalizada
]]></system-out>
  </testcase>
  <testcase name="deveConsultarStatusPublicamente" classname="br.com.fiap.challange.oficina.integration.OrdemServicoControllerIT" time="0.028">
    <system-out><![CDATA[18:31:21.196 INFO  [tecnico_it:3bfb6c07] b.c.f.c.o.s.ClienteService - Criando cliente nome=Ana Costa documento=529.982.247-25
18:31:21.197 INFO  [tecnico_it:3bfb6c07] b.c.f.c.o.s.ClienteService - Cliente criado id=8
18:31:21.200 INFO  [tecnico_it:94b0126d] b.c.f.c.o.s.VeiculoService - Criando veículo placa=ABC1234 clienteId=8
18:31:21.202 INFO  [tecnico_it:94b0126d] b.c.f.c.o.s.VeiculoService - Veículo criado id=8 placa=ABC1234
18:31:21.205 INFO  [tecnico_it:8fa650b5] b.c.f.c.o.s.OrdemServicoService - Criando OS cliente=52998224725 placa=ABC1234
18:31:21.207 INFO  [tecnico_it:8fa650b5] b.c.f.c.o.s.OrdemServicoService - OS criada numero=OS-2026-9259C1DE id=8 valorTotal=0
18:31:21.209 INFO  [anon:74a794b0] b.c.f.c.o.s.OrdemServicoService - Consultando status OS id=8
]]></system-out>
  </testcase>
  <testcase name="deveListarOrdensPorStatus" classname="br.com.fiap.challange.oficina.integration.OrdemServicoControllerIT" time="0.029">
    <system-out><![CDATA[18:31:21.224 INFO  [tecnico_it:dd2a1ca5] b.c.f.c.o.s.ClienteService - Criando cliente nome=Ana Costa documento=529.982.247-25
18:31:21.225 INFO  [tecnico_it:dd2a1ca5] b.c.f.c.o.s.ClienteService - Cliente criado id=9
18:31:21.228 INFO  [tecnico_it:cfc9d767] b.c.f.c.o.s.VeiculoService - Criando veículo placa=ABC1234 clienteId=9
18:31:21.230 INFO  [tecnico_it:cfc9d767] b.c.f.c.o.s.VeiculoService - Veículo criado id=9 placa=ABC1234
18:31:21.232 INFO  [tecnico_it:67397c0a] b.c.f.c.o.s.OrdemServicoService - Criando OS cliente=52998224725 placa=ABC1234
18:31:21.235 INFO  [tecnico_it:67397c0a] b.c.f.c.o.s.OrdemServicoService - OS criada numero=OS-2026-E3E8A3C8 id=9 valorTotal=0
18:31:21.239 INFO  [tecnico_it:9a7b22d0] b.c.f.c.o.s.OrdemServicoService - Listando OSs status=RECEBIDA
]]></system-out>
  </testcase>
  <testcase name="deveRetornarEstatisticas" classname="br.com.fiap.challange.oficina.integration.OrdemServicoControllerIT" time="0.033">
    <system-out><![CDATA[18:31:21.253 INFO  [tecnico_it:a206d85b] b.c.f.c.o.s.ClienteService - Criando cliente nome=Ana Costa documento=529.982.247-25
18:31:21.254 INFO  [tecnico_it:a206d85b] b.c.f.c.o.s.ClienteService - Cliente criado id=10
18:31:21.257 INFO  [tecnico_it:c9ffd24b] b.c.f.c.o.s.VeiculoService - Criando veículo placa=ABC1234 clienteId=10
18:31:21.259 INFO  [tecnico_it:c9ffd24b] b.c.f.c.o.s.VeiculoService - Veículo criado id=10 placa=ABC1234
18:31:21.262 INFO  [tecnico_it:d4dd9242] b.c.f.c.o.s.OrdemServicoService - Criando OS cliente=52998224725 placa=ABC1234
18:31:21.264 INFO  [tecnico_it:d4dd9242] b.c.f.c.o.s.OrdemServicoService - OS criada numero=OS-2026-BE9E5944 id=10 valorTotal=0
18:31:21.267 INFO  [tecnico_it:9c90d482] b.c.f.c.o.s.OrdemServicoService - Calculando estatísticas de OSs
]]></system-out>
  </testcase>
</testsuite>