<?xml version="1.0" encoding="UTF-8"?>
<testsuite xmlns:xsi="http://www.w3.org/2001/XMLSchema-instance" xsi:noNamespaceSchemaLocation="https://maven.apache.org/surefire/maven-surefire-plugin/xsd/surefire-test-report.xsd" version="3.0.2" name="br.com.fiap.challange.oficina.integration.VeiculoControllerIT" time="0.194" tests="9" errors="0" skipped="0" failures="0">
  <properties>
[...]
</properties>
  <testcase name="deveBuscarVeiculoPorPlaca" classname="br.com.fiap.challange.oficina.integration.VeiculoControllerIT" time="0.086">
    <system-out><![CDATA[16:34:06.055 INFO  [no-id] o.s.t.c.s.AnnotationConfigContextLoaderUtils - Could not detect default configuration classes for test class [br.com.fiap.challange.oficina.integration.VeiculoControllerIT]: VeiculoControllerIT does not declare any static, non-private, non-final, nested classes annotated with @Configuration.
16:34:06.056 INFO  [no-id] o.s.b.t.c.SpringBootTestContextBootstrapper - Found @SpringBootConfiguration br.com.fiap.challange.oficina.OficinaApplication for test class br.com.fiap.challange.oficina.integration.VeiculoControllerIT
16:34:06.132 INFO  [admin_veiculo_it:62af1933] b.c.f.c.o.a.u.ClienteUseCase - Criando cliente nome=Dono do Carro documento=529.982.247-25
16:34:06.133 INFO  [admin_veiculo_it:62af1933] b.c.f.c.o.a.u.ClienteUseCase - Cliente criado id=15
]]></system-out>
  </testcase>
  <testcase name="deveCadastrarVeiculoComSucesso" classname="br.com.fiap.challange.oficina.integration.VeiculoControllerIT" time="0.012">
    <system-out><![CDATA[16:34:06.148 INFO  [admin_veiculo_it:4f8b5601] b.c.f.c.o.a.u.ClienteUseCase - Criando cliente nome=Dono do Carro documento=529.982.247-25
16:34:06.149 INFO  [admin_veiculo_it:4f8b5601] b.c.f.c.o.a.u.ClienteUseCase - Cliente criado id=16
]]></system-out>
  </testcase>
  <testcase name="deveRetornar401SemToken" classname="br.com.fiap.challange.oficina.integration.VeiculoControllerIT" time="0.008">
    <system-out><![CDATA[16:34:06.160 INFO  [admin_veiculo_it:81c7950e] b.c.f.c.o.a.u.ClienteUseCase - Criando cliente nome=Dono do Carro documento=529.982.247-25
16:34:06.160 INFO  [admin_veiculo_it:81c7950e] b.c.f.c.o.a.u.ClienteUseCase - Cliente criado id=17
]]></system-out>
  </testcase>
  <testcase name="deveDeletarVeiculo" classname="br.com.fiap.challange.oficina.integration.VeiculoControllerIT" time="0.015">
    <system-out><![CDATA[16:34:06.168 INFO  [admin_veiculo_it:19be694f] b.c.f.c.o.a.u.ClienteUseCase - Criando cliente nome=Dono do Carro documento=529.982.247-25
16:34:06.169 INFO  [admin_veiculo_it:19be694f] b.c.f.c.o.a.u.ClienteUseCase - Cliente criado id=18
]]></system-out>
  </testcase>
  <testcase name="deveBuscarVeiculosPorCliente" classname="br.com.fiap.challange.oficina.integration.VeiculoControllerIT" time="0.02">
    <system-out><![CDATA[16:34:06.184 INFO  [admin_veiculo_it:d927a003] b.c.f.c.o.a.u.ClienteUseCase - Criando cliente nome=Dono do Carro documento=529.982.247-25
16:34:06.185 INFO  [admin_veiculo_it:d927a003] b.c.f.c.o.a.u.ClienteUseCase - Cliente criado id=19
]]></system-out>
  </testcase>
  <testcase name="deveListarVeiculos" classname="br.com.fiap.challange.oficina.integration.VeiculoControllerIT" time="0.01">
    <system-out><![CDATA[16:34:06.204 INFO  [admin_veiculo_it:d18ccad6] b.c.f.c.o.a.u.ClienteUseCase - Criando cliente nome=Dono do Carro documento=529.982.247-25
16:34:06.205 INFO  [admin_veiculo_it:d18ccad6] b.c.f.c.o.a.u.ClienteUseCase - Cliente criado id=20
]]></system-out>
  </testcase>
  <testcase name="deveRetornar404QuandoVeiculoNaoEncontrado" classname="br.com.fiap.challange.oficina.integration.VeiculoControllerIT" time="0.011">
    <system-out><![CDATA[16:34:06.215 INFO  [admin_veiculo_it:7f0ad910] b.c.f.c.o.a.u.ClienteUseCase - Criando cliente nome=Dono do Carro documento=529.982.247-25
16:34:06.216 INFO  [admin_veiculo_it:7f0ad910] b.c.f.c.o.a.u.ClienteUseCase - Cliente criado id=21
16:34:06.220 WARN  [admin_veiculo_it:c06cfd93] b.c.f.c.o.i.a.i.r.GlobalExceptionHandler - Recurso não encontrado: Veículo não encontrado com placa: ZZZ9999
]]></system-out>
  </testcase>
  <testcase name="deveAtualizarVeiculo" classname="br.com.fiap.challange.oficina.integration.VeiculoControllerIT" time="0.015">
    <system-out><![CDATA[16:34:06.227 INFO  [admin_veiculo_it:9eab1cbd] b.c.f.c.o.a.u.ClienteUseCase - Criando cliente nome=Dono do Carro documento=529.982.247-25
16:34:06.228 INFO  [admin_veiculo_it:9eab1cbd] b.c.f.c.o.a.u.ClienteUseCase - Cliente criado id=22
]]></system-out>
  </testcase>
  <testcase name="deveRetornar400ParaPlacaInvalida" classname="br.com.fiap.challange.oficina.integration.VeiculoControllerIT" time="0.01">
    <system-out><![CDATA[16:34:06.242 INFO  [admin_veiculo_it:6b85498b] b.c.f.c.o.a.u.ClienteUseCase - Criando cliente nome=Dono do Carro documento=529.982.247-25
16:34:06.243 INFO  [admin_veiculo_it:6b85498b] b.c.f.c.o.a.u.ClienteUseCase - Cliente criado id=23
16:34:06.246 WARN  [admin_veiculo_it:1b06ed04] b.c.f.c.o.i.a.i.r.GlobalExceptionHandler - Regra de negócio violada: Placa inválida: INVALIDA
]]></system-out>
  </testcase>
</testsuite>